Arguments: 
  /usr/bin/node /usr/share/yarn/bin/yarn.js install

PATH: 
  /usr/local/sbin:/usr/local/bin:/usr/sbin:/usr/bin:/sbin:/bin:/usr/games:/usr/local/games:/snap/bin:/snap/bin

Yarn version: 
  1.22.19

Node version: 
  18.16.0

Platform: 
  linux x64

Trace: 
  SyntaxError: /home/hubert/Dropbox/01_tutorials/front-end/nerdbord/lead-collector-main/lead-collector/package.json: Unexpected token } in JSON at position 1404
      at JSON.parse (<anonymous>)
      at /usr/share/yarn/lib/cli.js:1629:59
      at Generator.next (<anonymous>)
      at step (/usr/share/yarn/lib/cli.js:310:30)
      at /usr/share/yarn/lib/cli.js:321:13

npm manifest: 
  {
    "name": "lead-generator",
    "version": "1.0.0",
    "private": true,
    "description": "Simple landing page for lead collection.",
    "author": "Nerdbord",
    "keywords": [
      "gatsby"
    ],
    "scripts": {
      "develop": "gatsby develop",
      "start": "gatsby develop",
      "build": "gatsby build",
      "serve": "gatsby serve",
      "clean": "gatsby clean",
      "typecheck": "tsc --noEmit",
      "prepare": "husky install",
      "test": "jest src"
    },
    "dependencies": {
      "@testing-library/react": "^14.0.0",
      "@testing-library/user-event": "^14.4.3",
      "babel-core": "^6.26.3",
      "gatsby": "^5.5.0",
      "gatsby-plugin-image": "^3.6.0",
      "gatsby-plugin-sass": "^6.6.0",
      "gatsby-plugin-sharp": "^5.6.0",
      "gatsby-source-filesystem": "^5.6.0",
      "gatsby-transformer-sharp": "^5.6.0",
      "nerdux-ui-system": "^0.0.10",
      "react": "^18.2.0",
      "react-dom": "^18.2.0",
      "react-hook-form": "^7.43.2",
      "sass": "^1.58.0",
      "yup": "^1.0.0"
    },
    "devDependencies": {
      "@testing-library/jest-dom": "^5.16.5",
      "@types/jest": "^29.5.1",
      "@types/node": "^18.11.18",
      "@types/react": "^18.0.27",
      "@types/react-dom": "^18.0.10",
      "husky": "^8.0.0",
      "identity-obj-proxy": "^3.0.0",
      "jest": "^29.5.0",
      "jest-environment-jsdom": "^29.5.0",
      "prettier": "^2.8.3",
      "pretty-quick": "^3.1.3",
      "ts-jest": "^29.1.0",
      "typescript": "^4.9.5",
    }
  }

yarn manifest: 
  No manifest

Lockfile: 
  No lockfile
